  Scene_Zelda.cpp
C:\Users\kstue\Desktop\Game Engine Development\Game-Engine-Final\Game-Engine-Final\SFMLGame\Animation.h(18,26): warning C4267: 'initializing': conversion from 'size_t' to 'int', possible loss of data
  (compiling source file 'Scene_Zelda.cpp')
  
C:\Users\kstue\Desktop\Game Engine Development\Game-Engine-Final\Game-Engine-Final\SFMLGame\Animation.h(18,65): warning C4267: 'initializing': conversion from 'size_t' to 'int', possible loss of data
  (compiling source file 'Scene_Zelda.cpp')
  
C:\Users\kstue\Desktop\Game Engine Development\Game-Engine-Final\Game-Engine-Final\SFMLGame\Animation.h(23,82): warning C4244: 'argument': conversion from 'T' to 'T', possible loss of data
C:\Users\kstue\Desktop\Game Engine Development\Game-Engine-Final\Game-Engine-Final\SFMLGame\Animation.h(23,82): warning C4244:         with
C:\Users\kstue\Desktop\Game Engine Development\Game-Engine-Final\Game-Engine-Final\SFMLGame\Animation.h(23,82): warning C4244:         [
C:\Users\kstue\Desktop\Game Engine Development\Game-Engine-Final\Game-Engine-Final\SFMLGame\Animation.h(23,82): warning C4244:             T=float
C:\Users\kstue\Desktop\Game Engine Development\Game-Engine-Final\Game-Engine-Final\SFMLGame\Animation.h(23,82): warning C4244:         ]
C:\Users\kstue\Desktop\Game Engine Development\Game-Engine-Final\Game-Engine-Final\SFMLGame\Animation.h(23,82): warning C4244:         and
C:\Users\kstue\Desktop\Game Engine Development\Game-Engine-Final\Game-Engine-Final\SFMLGame\Animation.h(23,82): warning C4244:         [
C:\Users\kstue\Desktop\Game Engine Development\Game-Engine-Final\Game-Engine-Final\SFMLGame\Animation.h(23,82): warning C4244:             T=int
C:\Users\kstue\Desktop\Game Engine Development\Game-Engine-Final\Game-Engine-Final\SFMLGame\Animation.h(23,82): warning C4244:         ]
  (compiling source file 'Scene_Zelda.cpp')
  
C:\Users\kstue\Desktop\Game Engine Development\Game-Engine-Final\Game-Engine-Final\SFMLGame\Animation.h(23,74): warning C4244: 'argument': conversion from 'T' to 'T', possible loss of data
C:\Users\kstue\Desktop\Game Engine Development\Game-Engine-Final\Game-Engine-Final\SFMLGame\Animation.h(23,74): warning C4244:         with
C:\Users\kstue\Desktop\Game Engine Development\Game-Engine-Final\Game-Engine-Final\SFMLGame\Animation.h(23,74): warning C4244:         [
C:\Users\kstue\Desktop\Game Engine Development\Game-Engine-Final\Game-Engine-Final\SFMLGame\Animation.h(23,74): warning C4244:             T=float
C:\Users\kstue\Desktop\Game Engine Development\Game-Engine-Final\Game-Engine-Final\SFMLGame\Animation.h(23,74): warning C4244:         ]
C:\Users\kstue\Desktop\Game Engine Development\Game-Engine-Final\Game-Engine-Final\SFMLGame\Animation.h(23,74): warning C4244:         and
C:\Users\kstue\Desktop\Game Engine Development\Game-Engine-Final\Game-Engine-Final\SFMLGame\Animation.h(23,74): warning C4244:         [
C:\Users\kstue\Desktop\Game Engine Development\Game-Engine-Final\Game-Engine-Final\SFMLGame\Animation.h(23,74): warning C4244:             T=int
C:\Users\kstue\Desktop\Game Engine Development\Game-Engine-Final\Game-Engine-Final\SFMLGame\Animation.h(23,74): warning C4244:         ]
  (compiling source file 'Scene_Zelda.cpp')
  
C:\Users\kstue\Desktop\Game Engine Development\Game-Engine-Final\Game-Engine-Final\SFMLGame\Animation.h(23,57): warning C4244: 'argument': conversion from 'double' to 'T', possible loss of data
C:\Users\kstue\Desktop\Game Engine Development\Game-Engine-Final\Game-Engine-Final\SFMLGame\Animation.h(23,57): warning C4244:         with
C:\Users\kstue\Desktop\Game Engine Development\Game-Engine-Final\Game-Engine-Final\SFMLGame\Animation.h(23,57): warning C4244:         [
C:\Users\kstue\Desktop\Game Engine Development\Game-Engine-Final\Game-Engine-Final\SFMLGame\Animation.h(23,57): warning C4244:             T=int
C:\Users\kstue\Desktop\Game Engine Development\Game-Engine-Final\Game-Engine-Final\SFMLGame\Animation.h(23,57): warning C4244:         ]
  (compiling source file 'Scene_Zelda.cpp')
  
C:\Users\kstue\Desktop\Game Engine Development\Game-Engine-Final\Game-Engine-Final\SFMLGame\Animation.h(37,92): warning C4244: 'argument': conversion from 'T' to 'T', possible loss of data
C:\Users\kstue\Desktop\Game Engine Development\Game-Engine-Final\Game-Engine-Final\SFMLGame\Animation.h(37,92): warning C4244:         with
C:\Users\kstue\Desktop\Game Engine Development\Game-Engine-Final\Game-Engine-Final\SFMLGame\Animation.h(37,92): warning C4244:         [
C:\Users\kstue\Desktop\Game Engine Development\Game-Engine-Final\Game-Engine-Final\SFMLGame\Animation.h(37,92): warning C4244:             T=float
C:\Users\kstue\Desktop\Game Engine Development\Game-Engine-Final\Game-Engine-Final\SFMLGame\Animation.h(37,92): warning C4244:         ]
C:\Users\kstue\Desktop\Game Engine Development\Game-Engine-Final\Game-Engine-Final\SFMLGame\Animation.h(37,92): warning C4244:         and
C:\Users\kstue\Desktop\Game Engine Development\Game-Engine-Final\Game-Engine-Final\SFMLGame\Animation.h(37,92): warning C4244:         [
C:\Users\kstue\Desktop\Game Engine Development\Game-Engine-Final\Game-Engine-Final\SFMLGame\Animation.h(37,92): warning C4244:             T=int
C:\Users\kstue\Desktop\Game Engine Development\Game-Engine-Final\Game-Engine-Final\SFMLGame\Animation.h(37,92): warning C4244:         ]
  (compiling source file 'Scene_Zelda.cpp')
  
C:\Users\kstue\Desktop\Game Engine Development\Game-Engine-Final\Game-Engine-Final\SFMLGame\Animation.h(37,84): warning C4244: 'argument': conversion from 'T' to 'T', possible loss of data
C:\Users\kstue\Desktop\Game Engine Development\Game-Engine-Final\Game-Engine-Final\SFMLGame\Animation.h(37,84): warning C4244:         with
C:\Users\kstue\Desktop\Game Engine Development\Game-Engine-Final\Game-Engine-Final\SFMLGame\Animation.h(37,84): warning C4244:         [
C:\Users\kstue\Desktop\Game Engine Development\Game-Engine-Final\Game-Engine-Final\SFMLGame\Animation.h(37,84): warning C4244:             T=float
C:\Users\kstue\Desktop\Game Engine Development\Game-Engine-Final\Game-Engine-Final\SFMLGame\Animation.h(37,84): warning C4244:         ]
C:\Users\kstue\Desktop\Game Engine Development\Game-Engine-Final\Game-Engine-Final\SFMLGame\Animation.h(37,84): warning C4244:         and
C:\Users\kstue\Desktop\Game Engine Development\Game-Engine-Final\Game-Engine-Final\SFMLGame\Animation.h(37,84): warning C4244:         [
C:\Users\kstue\Desktop\Game Engine Development\Game-Engine-Final\Game-Engine-Final\SFMLGame\Animation.h(37,84): warning C4244:             T=int
C:\Users\kstue\Desktop\Game Engine Development\Game-Engine-Final\Game-Engine-Final\SFMLGame\Animation.h(37,84): warning C4244:         ]
  (compiling source file 'Scene_Zelda.cpp')
  
C:\Users\kstue\Desktop\Game Engine Development\Game-Engine-Final\Game-Engine-Final\SFMLGame\Animation.h(37,67): warning C4244: 'argument': conversion from 'double' to 'T', possible loss of data
C:\Users\kstue\Desktop\Game Engine Development\Game-Engine-Final\Game-Engine-Final\SFMLGame\Animation.h(37,67): warning C4244:         with
C:\Users\kstue\Desktop\Game Engine Development\Game-Engine-Final\Game-Engine-Final\SFMLGame\Animation.h(37,67): warning C4244:         [
C:\Users\kstue\Desktop\Game Engine Development\Game-Engine-Final\Game-Engine-Final\SFMLGame\Animation.h(37,67): warning C4244:             T=int
C:\Users\kstue\Desktop\Game Engine Development\Game-Engine-Final\Game-Engine-Final\SFMLGame\Animation.h(37,67): warning C4244:         ]
  (compiling source file 'Scene_Zelda.cpp')
  
C:\Users\kstue\Desktop\Game Engine Development\Game-Engine-Final\Game-Engine-Final\SFMLGame\Scene_Zelda.cpp(33,13): warning C4244: 'argument': conversion from 'time_t' to 'unsigned int', possible loss of data
C:\Users\kstue\Desktop\Game Engine Development\Game-Engine-Final\Game-Engine-Final\SFMLGame\Scene_Zelda.cpp(134,37): warning C4244: 'argument': conversion from 'int' to 'T', possible loss of data
C:\Users\kstue\Desktop\Game Engine Development\Game-Engine-Final\Game-Engine-Final\SFMLGame\Scene_Zelda.cpp(134,37): warning C4244:         with
C:\Users\kstue\Desktop\Game Engine Development\Game-Engine-Final\Game-Engine-Final\SFMLGame\Scene_Zelda.cpp(134,37): warning C4244:         [
C:\Users\kstue\Desktop\Game Engine Development\Game-Engine-Final\Game-Engine-Final\SFMLGame\Scene_Zelda.cpp(134,37): warning C4244:             T=float
C:\Users\kstue\Desktop\Game Engine Development\Game-Engine-Final\Game-Engine-Final\SFMLGame\Scene_Zelda.cpp(134,37): warning C4244:         ]
C:\Users\kstue\Desktop\Game Engine Development\Game-Engine-Final\Game-Engine-Final\SFMLGame\Scene_Zelda.cpp(134,34): warning C4244: 'argument': conversion from 'int' to 'T', possible loss of data
C:\Users\kstue\Desktop\Game Engine Development\Game-Engine-Final\Game-Engine-Final\SFMLGame\Scene_Zelda.cpp(134,34): warning C4244:         with
C:\Users\kstue\Desktop\Game Engine Development\Game-Engine-Final\Game-Engine-Final\SFMLGame\Scene_Zelda.cpp(134,34): warning C4244:         [
C:\Users\kstue\Desktop\Game Engine Development\Game-Engine-Final\Game-Engine-Final\SFMLGame\Scene_Zelda.cpp(134,34): warning C4244:             T=float
C:\Users\kstue\Desktop\Game Engine Development\Game-Engine-Final\Game-Engine-Final\SFMLGame\Scene_Zelda.cpp(134,34): warning C4244:         ]
C:\Users\kstue\Desktop\Game Engine Development\Game-Engine-Final\Game-Engine-Final\SFMLGame\Scene_Zelda.cpp(408,19): warning C4267: 'initializing': conversion from 'size_t' to 'int', possible loss of data
C:\Users\kstue\Desktop\Game Engine Development\Game-Engine-Final\Game-Engine-Final\SFMLGame\Scene_Zelda.cpp(462,18): warning C4305: '=': truncation from 'double' to 'float'
C:\Users\kstue\Desktop\Game Engine Development\Game-Engine-Final\Game-Engine-Final\SFMLGame\Scene_Zelda.cpp(915,73): warning C4244: 'argument': conversion from 'int' to 'T', possible loss of data
C:\Users\kstue\Desktop\Game Engine Development\Game-Engine-Final\Game-Engine-Final\SFMLGame\Scene_Zelda.cpp(915,73): warning C4244:         with
C:\Users\kstue\Desktop\Game Engine Development\Game-Engine-Final\Game-Engine-Final\SFMLGame\Scene_Zelda.cpp(915,73): warning C4244:         [
C:\Users\kstue\Desktop\Game Engine Development\Game-Engine-Final\Game-Engine-Final\SFMLGame\Scene_Zelda.cpp(915,73): warning C4244:             T=float
C:\Users\kstue\Desktop\Game Engine Development\Game-Engine-Final\Game-Engine-Final\SFMLGame\Scene_Zelda.cpp(915,73): warning C4244:         ]
C:\Users\kstue\Desktop\Game Engine Development\Game-Engine-Final\Game-Engine-Final\SFMLGame\Scene_Zelda.cpp(1028,41): warning C4244: 'argument': conversion from 'double' to 'float', possible loss of data
C:\Users\kstue\Desktop\Game Engine Development\Game-Engine-Final\Game-Engine-Final\SFMLGame\Scene_Zelda.cpp(1068,42): warning C4267: 'initializing': conversion from 'size_t' to 'int', possible loss of data
C:\Users\kstue\Desktop\Game Engine Development\Game-Engine-Final\Game-Engine-Final\SFMLGame\Scene_Zelda.cpp(1105,34): warning C4267: 'initializing': conversion from 'size_t' to 'int', possible loss of data
C:\Users\kstue\Desktop\Game Engine Development\Game-Engine-Final\Game-Engine-Final\SFMLGame\Entity.h(49,31): warning C4244: 'argument': conversion from 'TargetType' to 'int', possible loss of data
C:\Users\kstue\Desktop\Game Engine Development\Game-Engine-Final\Game-Engine-Final\SFMLGame\Entity.h(49,31): warning C4244:         with
C:\Users\kstue\Desktop\Game Engine Development\Game-Engine-Final\Game-Engine-Final\SFMLGame\Entity.h(49,31): warning C4244:         [
C:\Users\kstue\Desktop\Game Engine Development\Game-Engine-Final\Game-Engine-Final\SFMLGame\Entity.h(49,31): warning C4244:             TargetType=float
C:\Users\kstue\Desktop\Game Engine Development\Game-Engine-Final\Game-Engine-Final\SFMLGame\Entity.h(49,31): warning C4244:         ]
  (compiling source file 'Scene_Zelda.cpp')
      C:\Users\kstue\Desktop\Game Engine Development\Game-Engine-Final\Game-Engine-Final\SFMLGame\Entity.h(49,31):
      the template instantiation context (the oldest one first) is
          C:\Users\kstue\Desktop\Game Engine Development\Game-Engine-Final\Game-Engine-Final\SFMLGame\Scene_Zelda.cpp(184,11):
          see reference to function template instantiation 'T &Entity::add<CHealth,float&,float&>(float &,float &)' being compiled
          with
          [
              T=CHealth
          ]
  
  SFMLGame.vcxproj -> C:\Users\kstue\Desktop\Game Engine Development\Game-Engine-Final\Game-Engine-Final\x64\Debug\SFMLGame.exe
